{"/Users/tarikpinarci/personal/Projects/react-native/side-projects/ReactNativeZustandRQ/src/screens/basket.tsx": {"path":"/Users/tarikpinarci/personal/Projects/react-native/side-projects/ReactNativeZustandRQ/src/screens/basket.tsx","statementMap":{"0":{"start":{"line":1,"column":0},"end":{"line":1,"column":54}},"1":{"start":{"line":2,"column":0},"end":{"line":2,"column":31}},"2":{"start":{"line":3,"column":0},"end":{"line":3,"column":null}},"3":{"start":{"line":10,"column":0},"end":{"line":10,"column":51}},"4":{"start":{"line":11,"column":0},"end":{"line":11,"column":51}},"5":{"start":{"line":12,"column":0},"end":{"line":12,"column":44}},"6":{"start":{"line":14,"column":0},"end":{"line":14,"column":null}},"7":{"start":{"line":19,"column":0},"end":{"line":19,"column":53}},"8":{"start":{"line":20,"column":0},"end":{"line":20,"column":68}},"9":{"start":{"line":21,"column":0},"end":{"line":21,"column":48}},"10":{"start":{"line":25,"column":38},"end":{"line":103,"column":1}},"11":{"start":{"line":31,"column":6},"end":{"line":31,"column":25}},"12":{"start":{"line":33,"column":28},"end":{"line":33,"column":49}},"13":{"start":{"line":35,"column":2},"end":{"line":41,"column":69}},"14":{"start":{"line":36,"column":4},"end":{"line":40,"column":null}},"15":{"start":{"line":37,"column":6},"end":{"line":39,"column":9}},"16":{"start":{"line":38,"column":27},"end":{"line":38,"column":74}},"17":{"start":{"line":43,"column":27},"end":{"line":64,"column":3}},"18":{"start":{"line":46,"column":4},"end":{"line":63,"column":6}},"19":{"start":{"line":53,"column":10},"end":{"line":53,"column":54}},"20":{"start":{"line":56,"column":10},"end":{"line":60,"column":null}},"21":{"start":{"line":57,"column":12},"end":{"line":57,"column":47}},"22":{"start":{"line":59,"column":12},"end":{"line":59,"column":57}},"23":{"start":{"line":66,"column":35},"end":{"line":67,"column":null}},"24":{"start":{"line":67,"column":4},"end":{"line":67,"column":76}},"25":{"start":{"line":70,"column":26},"end":{"line":71,"column":30}},"26":{"start":{"line":71,"column":4},"end":{"line":71,"column":30}},"27":{"start":{"line":73,"column":35},"end":{"line":76,"column":null}},"28":{"start":{"line":74,"column":4},"end":{"line":75,"column":null}},"29":{"start":{"line":79,"column":2},"end":{"line":102,"column":4}},"30":{"start":{"line":105,"column":0},"end":{"line":105,"column":28}},"31":{"start":{"line":107,"column":15},"end":{"line":144,"column":2}}},"fnMap":{"0":{"name":"(anonymous_7)","decl":{"start":{"line":25,"column":38},"end":{"line":25,"column":39}},"loc":{"start":{"line":25,"column":55},"end":{"line":103,"column":1}}},"1":{"name":"(anonymous_8)","decl":{"start":{"line":35,"column":18},"end":{"line":35,"column":21}},"loc":{"start":{"line":35,"column":23},"end":{"line":41,"column":3}}},"2":{"name":"(anonymous_9)","decl":{"start":{"line":38,"column":21},"end":{"line":38,"column":24}},"loc":{"start":{"line":38,"column":27},"end":{"line":38,"column":74}}},"3":{"name":"(anonymous_10)","decl":{"start":{"line":43,"column":27},"end":{"line":43,"column":28}},"loc":{"start":{"line":45,"column":45},"end":{"line":64,"column":3}}},"4":{"name":"(anonymous_11)","decl":{"start":{"line":52,"column":33},"end":{"line":52,"column":36}},"loc":{"start":{"line":53,"column":10},"end":{"line":53,"column":54}}},"5":{"name":"(anonymous_12)","decl":{"start":{"line":55,"column":33},"end":{"line":55,"column":36}},"loc":{"start":{"line":55,"column":38},"end":{"line":61,"column":9}}},"6":{"name":"(anonymous_13)","decl":{"start":{"line":66,"column":35},"end":{"line":66,"column":38}},"loc":{"start":{"line":67,"column":4},"end":{"line":67,"column":76}}},"7":{"name":"(anonymous_14)","decl":{"start":{"line":70,"column":26},"end":{"line":70,"column":27}},"loc":{"start":{"line":71,"column":4},"end":{"line":71,"column":30}}},"8":{"name":"(anonymous_15)","decl":{"start":{"line":73,"column":35},"end":{"line":73,"column":38}},"loc":{"start":{"line":74,"column":4},"end":{"line":75,"column":null}}}},"branchMap":{"0":{"loc":{"start":{"line":36,"column":4},"end":{"line":40,"column":null}},"type":"if","locations":[{"start":{"line":36,"column":4},"end":{"line":40,"column":null}}]},"1":{"loc":{"start":{"line":56,"column":10},"end":{"line":60,"column":null}},"type":"if","locations":[{"start":{"line":56,"column":10},"end":{"line":60,"column":null}},{"start":{"line":58,"column":17},"end":{"line":60,"column":null}}]},"2":{"loc":{"start":{"line":93,"column":7},"end":{"line":99,"column":null}},"type":"binary-expr","locations":[{"start":{"line":93,"column":7},"end":{"line":93,"column":35}},{"start":{"line":94,"column":8},"end":{"line":98,"column":null}}]}},"s":{"0":3,"1":3,"2":3,"3":3,"4":3,"5":3,"6":3,"7":3,"8":3,"9":3,"10":3,"11":8,"12":8,"13":8,"14":8,"15":6,"16":0,"17":8,"18":80,"19":1,"20":2,"21":1,"22":1,"23":8,"24":79,"25":8,"26":113,"27":8,"28":2,"29":8,"30":3,"31":3},"f":{"0":8,"1":8,"2":0,"3":80,"4":1,"5":2,"6":79,"7":113,"8":2},"b":{"0":[6],"1":[1,1],"2":[8,6]}}
,"/Users/tarikpinarci/personal/Projects/react-native/side-projects/ReactNativeZustandRQ/src/screens/error.tsx": {"path":"/Users/tarikpinarci/personal/Projects/react-native/side-projects/ReactNativeZustandRQ/src/screens/error.tsx","statementMap":{"0":{"start":{"line":1,"column":0},"end":{"line":1,"column":31}},"1":{"start":{"line":2,"column":0},"end":{"line":2,"column":60}},"2":{"start":{"line":8,"column":37},"end":{"line":17,"column":1}},"3":{"start":{"line":9,"column":2},"end":{"line":16,"column":4}},"4":{"start":{"line":19,"column":0},"end":{"line":19,"column":27}},"5":{"start":{"line":21,"column":15},"end":{"line":33,"column":2}}},"fnMap":{"0":{"name":"(anonymous_6)","decl":{"start":{"line":8,"column":37},"end":{"line":8,"column":38}},"loc":{"start":{"line":8,"column":54},"end":{"line":17,"column":1}}}},"branchMap":{},"s":{"0":3,"1":3,"2":3,"3":3,"4":3,"5":3},"f":{"0":3},"b":{}}
,"/Users/tarikpinarci/personal/Projects/react-native/side-projects/ReactNativeZustandRQ/src/screens/product-detail.tsx": {"path":"/Users/tarikpinarci/personal/Projects/react-native/side-projects/ReactNativeZustandRQ/src/screens/product-detail.tsx","statementMap":{"0":{"start":{"line":1,"column":0},"end":{"line":1,"column":31}},"1":{"start":{"line":2,"column":0},"end":{"line":2,"column":null}},"2":{"start":{"line":11,"column":0},"end":{"line":11,"column":60}},"3":{"start":{"line":12,"column":0},"end":{"line":12,"column":49}},"4":{"start":{"line":13,"column":0},"end":{"line":13,"column":61}},"5":{"start":{"line":14,"column":0},"end":{"line":14,"column":57}},"6":{"start":{"line":15,"column":0},"end":{"line":15,"column":44}},"7":{"start":{"line":16,"column":0},"end":{"line":16,"column":57}},"8":{"start":{"line":17,"column":0},"end":{"line":17,"column":53}},"9":{"start":{"line":19,"column":0},"end":{"line":19,"column":71}},"10":{"start":{"line":20,"column":0},"end":{"line":20,"column":53}},"11":{"start":{"line":21,"column":0},"end":{"line":21,"column":46}},"12":{"start":{"line":22,"column":0},"end":{"line":22,"column":53}},"13":{"start":{"line":23,"column":0},"end":{"line":23,"column":64}},"14":{"start":{"line":25,"column":25},"end":{"line":25,"column":27}},"15":{"start":{"line":28,"column":39},"end":{"line":136,"column":1}},"16":{"start":{"line":29,"column":57},"end":{"line":30,"column":null}},"17":{"start":{"line":33,"column":46},"end":{"line":33,"column":71}},"18":{"start":{"line":40,"column":6},"end":{"line":40,"column":25}},"19":{"start":{"line":42,"column":26},"end":{"line":42,"column":54}},"20":{"start":{"line":44,"column":2},"end":{"line":50,"column":32}},"21":{"start":{"line":45,"column":4},"end":{"line":49,"column":null}},"22":{"start":{"line":46,"column":6},"end":{"line":48,"column":9}},"23":{"start":{"line":52,"column":2},"end":{"line":54,"column":null}},"24":{"start":{"line":53,"column":4},"end":{"line":53,"column":29}},"25":{"start":{"line":56,"column":2},"end":{"line":135,"column":4}},"26":{"start":{"line":100,"column":18},"end":{"line":107,"column":null}},"27":{"start":{"line":102,"column":20},"end":{"line":106,"column":null}},"28":{"start":{"line":103,"column":22},"end":{"line":103,"column":47}},"29":{"start":{"line":105,"column":22},"end":{"line":105,"column":64}},"30":{"start":{"line":110,"column":18},"end":{"line":117,"column":null}},"31":{"start":{"line":112,"column":20},"end":{"line":116,"column":null}},"32":{"start":{"line":113,"column":22},"end":{"line":113,"column":54}},"33":{"start":{"line":115,"column":22},"end":{"line":115,"column":64}},"34":{"start":{"line":132,"column":23},"end":{"line":132,"column":61}},"35":{"start":{"line":138,"column":0},"end":{"line":138,"column":29}},"36":{"start":{"line":140,"column":15},"end":{"line":176,"column":2}}},"fnMap":{"0":{"name":"(anonymous_7)","decl":{"start":{"line":28,"column":39},"end":{"line":28,"column":40}},"loc":{"start":{"line":28,"column":63},"end":{"line":136,"column":1}}},"1":{"name":"(anonymous_8)","decl":{"start":{"line":44,"column":18},"end":{"line":44,"column":21}},"loc":{"start":{"line":44,"column":23},"end":{"line":50,"column":3}}},"2":{"name":"(anonymous_9)","decl":{"start":{"line":99,"column":41},"end":{"line":99,"column":44}},"loc":{"start":{"line":99,"column":46},"end":{"line":108,"column":17}}},"3":{"name":"(anonymous_10)","decl":{"start":{"line":109,"column":41},"end":{"line":109,"column":44}},"loc":{"start":{"line":109,"column":46},"end":{"line":118,"column":17}}},"4":{"name":"(anonymous_11)","decl":{"start":{"line":132,"column":17},"end":{"line":132,"column":20}},"loc":{"start":{"line":132,"column":23},"end":{"line":132,"column":61}}}},"branchMap":{"0":{"loc":{"start":{"line":45,"column":4},"end":{"line":49,"column":null}},"type":"if","locations":[{"start":{"line":45,"column":4},"end":{"line":49,"column":null}}]},"1":{"loc":{"start":{"line":52,"column":2},"end":{"line":54,"column":null}},"type":"if","locations":[{"start":{"line":52,"column":2},"end":{"line":54,"column":null}}]},"2":{"loc":{"start":{"line":58,"column":7},"end":{"line":61,"column":null}},"type":"binary-expr","locations":[{"start":{"line":58,"column":7},"end":{"line":58,"column":14}},{"start":{"line":59,"column":8},"end":{"line":60,"column":null}}]},"3":{"loc":{"start":{"line":64,"column":7},"end":{"line":126,"column":null}},"type":"binary-expr","locations":[{"start":{"line":64,"column":7},"end":{"line":64,"column":16}},{"start":{"line":65,"column":8},"end":{"line":125,"column":null}}]},"4":{"loc":{"start":{"line":98,"column":26},"end":{"line":98,"column":46}},"type":"binary-expr","locations":[{"start":{"line":98,"column":26},"end":{"line":98,"column":41}},{"start":{"line":98,"column":45},"end":{"line":98,"column":46}}]},"5":{"loc":{"start":{"line":100,"column":18},"end":{"line":107,"column":null}},"type":"if","locations":[{"start":{"line":100,"column":18},"end":{"line":107,"column":null}}]},"6":{"loc":{"start":{"line":102,"column":20},"end":{"line":106,"column":null}},"type":"if","locations":[{"start":{"line":102,"column":20},"end":{"line":106,"column":null}},{"start":{"line":104,"column":27},"end":{"line":106,"column":null}}]},"7":{"loc":{"start":{"line":110,"column":18},"end":{"line":117,"column":null}},"type":"if","locations":[{"start":{"line":110,"column":18},"end":{"line":117,"column":null}}]},"8":{"loc":{"start":{"line":112,"column":20},"end":{"line":116,"column":null}},"type":"if","locations":[{"start":{"line":112,"column":20},"end":{"line":116,"column":null}},{"start":{"line":114,"column":27},"end":{"line":116,"column":null}}]}},"s":{"0":2,"1":2,"2":2,"3":2,"4":2,"5":2,"6":2,"7":2,"8":2,"9":2,"10":2,"11":2,"12":2,"13":2,"14":2,"15":2,"16":18,"17":18,"18":18,"19":18,"20":18,"21":17,"22":8,"23":18,"24":9,"25":9,"26":2,"27":2,"28":1,"29":1,"30":2,"31":2,"32":1,"33":1,"34":1,"35":2,"36":2},"f":{"0":18,"1":17,"2":2,"3":2,"4":1},"b":{"0":[8],"1":[9],"2":[9,1],"3":[9,8],"4":[8,4],"5":[2],"6":[1,1],"7":[2],"8":[1,1]}}
,"/Users/tarikpinarci/personal/Projects/react-native/side-projects/ReactNativeZustandRQ/src/screens/product-list.tsx": {"path":"/Users/tarikpinarci/personal/Projects/react-native/side-projects/ReactNativeZustandRQ/src/screens/product-list.tsx","statementMap":{"0":{"start":{"line":1,"column":0},"end":{"line":1,"column":54}},"1":{"start":{"line":2,"column":0},"end":{"line":2,"column":31}},"2":{"start":{"line":3,"column":0},"end":{"line":3,"column":null}},"3":{"start":{"line":11,"column":0},"end":{"line":11,"column":60}},"4":{"start":{"line":12,"column":0},"end":{"line":12,"column":58}},"5":{"start":{"line":13,"column":0},"end":{"line":13,"column":62}},"6":{"start":{"line":14,"column":0},"end":{"line":14,"column":57}},"7":{"start":{"line":15,"column":0},"end":{"line":15,"column":44}},"8":{"start":{"line":16,"column":0},"end":{"line":16,"column":57}},"9":{"start":{"line":17,"column":0},"end":{"line":17,"column":53}},"10":{"start":{"line":19,"column":0},"end":{"line":19,"column":72}},"11":{"start":{"line":20,"column":0},"end":{"line":20,"column":53}},"12":{"start":{"line":24,"column":43},"end":{"line":115,"column":1}},"13":{"start":{"line":25,"column":57},"end":{"line":25,"column":76}},"14":{"start":{"line":27,"column":46},"end":{"line":27,"column":71}},"15":{"start":{"line":29,"column":55},"end":{"line":29,"column":74}},"16":{"start":{"line":30,"column":28},"end":{"line":30,"column":49}},"17":{"start":{"line":32,"column":33},"end":{"line":45,"column":null}},"18":{"start":{"line":33,"column":26},"end":{"line":44,"column":5}},"19":{"start":{"line":35,"column":6},"end":{"line":43,"column":null}},"20":{"start":{"line":37,"column":30},"end":{"line":37,"column":72}},"21":{"start":{"line":40,"column":8},"end":{"line":40,"column":43}},"22":{"start":{"line":42,"column":8},"end":{"line":42,"column":36}},"23":{"start":{"line":48,"column":29},"end":{"line":52,"column":null}},"24":{"start":{"line":49,"column":27},"end":{"line":51,"column":5}},"25":{"start":{"line":50,"column":6},"end":{"line":50,"column":69}},"26":{"start":{"line":55,"column":30},"end":{"line":59,"column":null}},"27":{"start":{"line":56,"column":4},"end":{"line":58,"column":null}},"28":{"start":{"line":62,"column":26},"end":{"line":62,"column":63}},"29":{"start":{"line":62,"column":45},"end":{"line":62,"column":63}},"30":{"start":{"line":64,"column":21},"end":{"line":79,"column":3}},"31":{"start":{"line":65,"column":4},"end":{"line":78,"column":6}},"32":{"start":{"line":72,"column":32},"end":{"line":72,"column":74}},"33":{"start":{"line":81,"column":2},"end":{"line":83,"column":null}},"34":{"start":{"line":82,"column":4},"end":{"line":82,"column":29}},"35":{"start":{"line":85,"column":2},"end":{"line":114,"column":4}},"36":{"start":{"line":117,"column":0},"end":{"line":117,"column":33}},"37":{"start":{"line":119,"column":15},"end":{"line":130,"column":2}}},"fnMap":{"0":{"name":"(anonymous_7)","decl":{"start":{"line":24,"column":43},"end":{"line":24,"column":44}},"loc":{"start":{"line":24,"column":60},"end":{"line":115,"column":1}}},"1":{"name":"(anonymous_8)","decl":{"start":{"line":33,"column":4},"end":{"line":33,"column":5}},"loc":{"start":{"line":33,"column":26},"end":{"line":44,"column":5}}},"2":{"name":"(anonymous_9)","decl":{"start":{"line":33,"column":26},"end":{"line":33,"column":29}},"loc":{"start":{"line":33,"column":31},"end":{"line":44,"column":5}}},"3":{"name":"(anonymous_10)","decl":{"start":{"line":37,"column":10},"end":{"line":37,"column":26}},"loc":{"start":{"line":37,"column":30},"end":{"line":37,"column":72}}},"4":{"name":"(anonymous_11)","decl":{"start":{"line":49,"column":4},"end":{"line":49,"column":5}},"loc":{"start":{"line":49,"column":27},"end":{"line":51,"column":5}}},"5":{"name":"(anonymous_12)","decl":{"start":{"line":49,"column":27},"end":{"line":49,"column":30}},"loc":{"start":{"line":49,"column":32},"end":{"line":51,"column":5}}},"6":{"name":"(anonymous_13)","decl":{"start":{"line":55,"column":30},"end":{"line":55,"column":33}},"loc":{"start":{"line":56,"column":4},"end":{"line":58,"column":null}}},"7":{"name":"(anonymous_14)","decl":{"start":{"line":62,"column":26},"end":{"line":62,"column":27}},"loc":{"start":{"line":62,"column":45},"end":{"line":62,"column":63}}},"8":{"name":"(anonymous_15)","decl":{"start":{"line":64,"column":21},"end":{"line":64,"column":22}},"loc":{"start":{"line":64,"column":70},"end":{"line":79,"column":3}}},"9":{"name":"(anonymous_16)","decl":{"start":{"line":72,"column":12},"end":{"line":72,"column":28}},"loc":{"start":{"line":72,"column":32},"end":{"line":72,"column":74}}}},"branchMap":{"0":{"loc":{"start":{"line":35,"column":6},"end":{"line":43,"column":null}},"type":"if","locations":[{"start":{"line":35,"column":6},"end":{"line":43,"column":null}},{"start":{"line":41,"column":13},"end":{"line":43,"column":null}}]},"1":{"loc":{"start":{"line":81,"column":2},"end":{"line":83,"column":null}},"type":"if","locations":[{"start":{"line":81,"column":2},"end":{"line":83,"column":null}}]},"2":{"loc":{"start":{"line":87,"column":7},"end":{"line":90,"column":null}},"type":"binary-expr","locations":[{"start":{"line":87,"column":7},"end":{"line":87,"column":14}},{"start":{"line":88,"column":8},"end":{"line":89,"column":null}}]},"3":{"loc":{"start":{"line":93,"column":7},"end":{"line":111,"column":null}},"type":"binary-expr","locations":[{"start":{"line":93,"column":7},"end":{"line":93,"column":16}},{"start":{"line":94,"column":8},"end":{"line":110,"column":null}}]}},"s":{"0":2,"1":2,"2":2,"3":2,"4":2,"5":2,"6":2,"7":2,"8":2,"9":2,"10":2,"11":2,"12":2,"13":12,"14":12,"15":12,"16":12,"17":12,"18":120,"19":2,"20":1,"21":1,"22":1,"23":12,"24":120,"25":1,"26":12,"27":54,"28":12,"29":120,"30":12,"31":120,"32":20,"33":12,"34":5,"35":7,"36":2,"37":2},"f":{"0":12,"1":120,"2":2,"3":1,"4":120,"5":1,"6":54,"7":120,"8":120,"9":20},"b":{"0":[1,1],"1":[5],"2":[7,1],"3":[7,6]}}
,"/Users/tarikpinarci/personal/Projects/react-native/side-projects/ReactNativeZustandRQ/src/store/helpers.ts": {"path":"/Users/tarikpinarci/personal/Projects/react-native/side-projects/ReactNativeZustandRQ/src/store/helpers.ts","statementMap":{"0":{"start":{"line":3,"column":37},"end":{"line":20,"column":1}},"1":{"start":{"line":8,"column":2},"end":{"line":19,"column":5}},"2":{"start":{"line":9,"column":4},"end":{"line":17,"column":null}},"3":{"start":{"line":10,"column":6},"end":{"line":16,"column":8}},"4":{"start":{"line":18,"column":4},"end":{"line":18,"column":28}},"5":{"start":{"line":3,"column":13},"end":{"line":3,"column":37}},"6":{"start":{"line":22,"column":48},"end":{"line":27,"column":1}},"7":{"start":{"line":26,"column":2},"end":{"line":26,"column":73}},"8":{"start":{"line":22,"column":13},"end":{"line":22,"column":48}},"9":{"start":{"line":29,"column":48},"end":{"line":34,"column":1}},"10":{"start":{"line":33,"column":2},"end":{"line":33,"column":73}},"11":{"start":{"line":29,"column":13},"end":{"line":29,"column":48}}},"fnMap":{"0":{"name":"(anonymous_0)","decl":{"start":{"line":3,"column":37},"end":{"line":3,"column":null}},"loc":{"start":{"line":7,"column":4},"end":{"line":20,"column":1}}},"1":{"name":"(anonymous_1)","decl":{"start":{"line":8,"column":31},"end":{"line":8,"column":47}},"loc":{"start":{"line":8,"column":50},"end":{"line":19,"column":3}}},"2":{"name":"(anonymous_2)","decl":{"start":{"line":22,"column":48},"end":{"line":22,"column":null}},"loc":{"start":{"line":25,"column":4},"end":{"line":27,"column":1}}},"3":{"name":"(anonymous_3)","decl":{"start":{"line":29,"column":48},"end":{"line":29,"column":null}},"loc":{"start":{"line":32,"column":4},"end":{"line":34,"column":1}}}},"branchMap":{"0":{"loc":{"start":{"line":9,"column":4},"end":{"line":17,"column":null}},"type":"if","locations":[{"start":{"line":9,"column":4},"end":{"line":17,"column":null}}]},"1":{"loc":{"start":{"line":13,"column":10},"end":{"line":15,"column":43}},"type":"cond-expr","locations":[{"start":{"line":14,"column":14},"end":{"line":14,"column":43}},{"start":{"line":15,"column":14},"end":{"line":15,"column":43}}]}},"s":{"0":3,"1":7,"2":11,"3":7,"4":4,"5":3,"6":3,"7":3,"8":3,"9":3,"10":2,"11":3},"f":{"0":7,"1":11,"2":3,"3":2},"b":{"0":[7],"1":[4,3]}}
,"/Users/tarikpinarci/personal/Projects/react-native/side-projects/ReactNativeZustandRQ/src/store/product.ts": {"path":"/Users/tarikpinarci/personal/Projects/react-native/side-projects/ReactNativeZustandRQ/src/store/product.ts","statementMap":{"0":{"start":{"line":1,"column":0},"end":{"line":1,"column":31}},"1":{"start":{"line":2,"column":0},"end":{"line":2,"column":40}},"2":{"start":{"line":4,"column":0},"end":{"line":4,"column":null}},"3":{"start":{"line":26,"column":13},"end":{"line":64,"column":4}},"4":{"start":{"line":26,"column":67},"end":{"line":64,"column":2}},"5":{"start":{"line":30,"column":6},"end":{"line":35,"column":8}},"6":{"start":{"line":37,"column":6},"end":{"line":43,"column":8}},"7":{"start":{"line":40,"column":32},"end":{"line":40,"column":73}},"8":{"start":{"line":45,"column":6},"end":{"line":45,"column":76}},"9":{"start":{"line":45,"column":40},"end":{"line":45,"column":66}},"10":{"start":{"line":47,"column":6},"end":{"line":52,"column":9}},"11":{"start":{"line":54,"column":34},"end":{"line":54,"column":62}},"12":{"start":{"line":56,"column":6},"end":{"line":61,"column":9}},"13":{"start":{"line":66,"column":33},"end":{"line":66,"column":78}},"14":{"start":{"line":66,"column":39},"end":{"line":66,"column":78}},"15":{"start":{"line":66,"column":64},"end":{"line":66,"column":77}},"16":{"start":{"line":66,"column":13},"end":{"line":66,"column":33}},"17":{"start":{"line":68,"column":35},"end":{"line":69,"column":60}},"18":{"start":{"line":69,"column":2},"end":{"line":69,"column":60}},"19":{"start":{"line":69,"column":27},"end":{"line":69,"column":50}},"20":{"start":{"line":68,"column":13},"end":{"line":68,"column":35}},"21":{"start":{"line":70,"column":41},"end":{"line":71,"column":58}},"22":{"start":{"line":71,"column":2},"end":{"line":71,"column":58}},"23":{"start":{"line":71,"column":27},"end":{"line":71,"column":57}},"24":{"start":{"line":70,"column":13},"end":{"line":70,"column":41}},"25":{"start":{"line":72,"column":34},"end":{"line":77,"column":null}},"26":{"start":{"line":73,"column":2},"end":{"line":77,"column":null}},"27":{"start":{"line":75,"column":6},"end":{"line":77,"column":17}},"28":{"start":{"line":76,"column":28},"end":{"line":76,"column":69}},"29":{"start":{"line":72,"column":13},"end":{"line":72,"column":34}}},"fnMap":{"0":{"name":"(anonymous_0)","decl":{"start":{"line":26,"column":52},"end":{"line":26,"column":53}},"loc":{"start":{"line":26,"column":67},"end":{"line":64,"column":2}}},"1":{"name":"(anonymous_1)","decl":{"start":{"line":29,"column":24},"end":{"line":29,"column":31}},"loc":{"start":{"line":30,"column":6},"end":{"line":35,"column":8}}},"2":{"name":"(anonymous_2)","decl":{"start":{"line":36,"column":28},"end":{"line":36,"column":37}},"loc":{"start":{"line":37,"column":6},"end":{"line":43,"column":8}}},"3":{"name":"(anonymous_3)","decl":{"start":{"line":40,"column":12},"end":{"line":40,"column":28}},"loc":{"start":{"line":40,"column":32},"end":{"line":40,"column":73}}},"4":{"name":"(anonymous_4)","decl":{"start":{"line":44,"column":20},"end":{"line":44,"column":29}},"loc":{"start":{"line":45,"column":6},"end":{"line":45,"column":76}}},"5":{"name":"(anonymous_5)","decl":{"start":{"line":45,"column":35},"end":{"line":45,"column":36}},"loc":{"start":{"line":45,"column":40},"end":{"line":45,"column":66}}},"6":{"name":"(anonymous_6)","decl":{"start":{"line":46,"column":38},"end":{"line":46,"column":47}},"loc":{"start":{"line":46,"column":50},"end":{"line":53,"column":5}}},"7":{"name":"(anonymous_7)","decl":{"start":{"line":54,"column":28},"end":{"line":54,"column":31}},"loc":{"start":{"line":54,"column":34},"end":{"line":54,"column":62}}},"8":{"name":"(anonymous_8)","decl":{"start":{"line":55,"column":38},"end":{"line":55,"column":47}},"loc":{"start":{"line":55,"column":50},"end":{"line":62,"column":5}}},"9":{"name":"(anonymous_9)","decl":{"start":{"line":66,"column":33},"end":{"line":66,"column":36}},"loc":{"start":{"line":66,"column":39},"end":{"line":66,"column":78}}},"10":{"name":"(anonymous_10)","decl":{"start":{"line":66,"column":55},"end":{"line":66,"column":60}},"loc":{"start":{"line":66,"column":64},"end":{"line":66,"column":77}}},"11":{"name":"(anonymous_11)","decl":{"start":{"line":68,"column":35},"end":{"line":68,"column":38}},"loc":{"start":{"line":69,"column":2},"end":{"line":69,"column":60}}},"12":{"name":"(anonymous_12)","decl":{"start":{"line":69,"column":18},"end":{"line":69,"column":23}},"loc":{"start":{"line":69,"column":27},"end":{"line":69,"column":50}}},"13":{"name":"(anonymous_13)","decl":{"start":{"line":70,"column":41},"end":{"line":70,"column":44}},"loc":{"start":{"line":71,"column":2},"end":{"line":71,"column":58}}},"14":{"name":"(anonymous_14)","decl":{"start":{"line":71,"column":18},"end":{"line":71,"column":23}},"loc":{"start":{"line":71,"column":27},"end":{"line":71,"column":57}}},"15":{"name":"(anonymous_15)","decl":{"start":{"line":72,"column":34},"end":{"line":72,"column":35}},"loc":{"start":{"line":73,"column":2},"end":{"line":77,"column":null}}},"16":{"name":"(anonymous_16)","decl":{"start":{"line":74,"column":4},"end":{"line":74,"column":9}},"loc":{"start":{"line":75,"column":6},"end":{"line":77,"column":17}}},"17":{"name":"(anonymous_17)","decl":{"start":{"line":76,"column":8},"end":{"line":76,"column":24}},"loc":{"start":{"line":76,"column":28},"end":{"line":76,"column":69}}}},"branchMap":{},"s":{"0":2,"1":2,"2":2,"3":2,"4":2,"5":6,"6":2,"7":2,"8":0,"9":0,"10":2,"11":1,"12":1,"13":2,"14":12,"15":14,"16":2,"17":2,"18":12,"19":14,"20":2,"21":2,"22":3,"23":5,"24":2,"25":2,"26":0,"27":0,"28":0,"29":2},"f":{"0":2,"1":6,"2":2,"3":2,"4":0,"5":0,"6":2,"7":1,"8":1,"9":12,"10":14,"11":12,"12":14,"13":3,"14":5,"15":0,"16":0,"17":0},"b":{}}
}
