{"/Users/tarikpinarci/personal/Projects/react-native/side-projects/ReactNativeZustandRQ/src/screens/basket.tsx": {"path":"/Users/tarikpinarci/personal/Projects/react-native/side-projects/ReactNativeZustandRQ/src/screens/basket.tsx","statementMap":{"0":{"start":{"line":1,"column":0},"end":{"line":1,"column":54}},"1":{"start":{"line":2,"column":0},"end":{"line":2,"column":31}},"2":{"start":{"line":3,"column":0},"end":{"line":3,"column":null}},"3":{"start":{"line":10,"column":0},"end":{"line":10,"column":51}},"4":{"start":{"line":11,"column":0},"end":{"line":11,"column":51}},"5":{"start":{"line":12,"column":0},"end":{"line":12,"column":44}},"6":{"start":{"line":14,"column":0},"end":{"line":14,"column":null}},"7":{"start":{"line":19,"column":0},"end":{"line":19,"column":53}},"8":{"start":{"line":20,"column":0},"end":{"line":20,"column":68}},"9":{"start":{"line":21,"column":0},"end":{"line":21,"column":48}},"10":{"start":{"line":25,"column":38},"end":{"line":102,"column":1}},"11":{"start":{"line":31,"column":6},"end":{"line":31,"column":25}},"12":{"start":{"line":33,"column":27},"end":{"line":33,"column":48}},"13":{"start":{"line":35,"column":2},"end":{"line":41,"column":70}},"14":{"start":{"line":36,"column":4},"end":{"line":40,"column":null}},"15":{"start":{"line":37,"column":6},"end":{"line":39,"column":9}},"16":{"start":{"line":38,"column":27},"end":{"line":38,"column":76}},"17":{"start":{"line":43,"column":27},"end":{"line":64,"column":3}},"18":{"start":{"line":46,"column":4},"end":{"line":63,"column":6}},"19":{"start":{"line":53,"column":10},"end":{"line":53,"column":53}},"20":{"start":{"line":56,"column":10},"end":{"line":60,"column":null}},"21":{"start":{"line":57,"column":12},"end":{"line":57,"column":48}},"22":{"start":{"line":59,"column":12},"end":{"line":59,"column":56}},"23":{"start":{"line":66,"column":35},"end":{"line":67,"column":null}},"24":{"start":{"line":67,"column":4},"end":{"line":67,"column":76}},"25":{"start":{"line":70,"column":26},"end":{"line":70,"column":79}},"26":{"start":{"line":70,"column":53},"end":{"line":70,"column":79}},"27":{"start":{"line":72,"column":35},"end":{"line":75,"column":null}},"28":{"start":{"line":73,"column":4},"end":{"line":74,"column":null}},"29":{"start":{"line":78,"column":2},"end":{"line":101,"column":4}},"30":{"start":{"line":104,"column":0},"end":{"line":104,"column":28}},"31":{"start":{"line":106,"column":15},"end":{"line":143,"column":2}}},"fnMap":{"0":{"name":"(anonymous_7)","decl":{"start":{"line":25,"column":38},"end":{"line":25,"column":39}},"loc":{"start":{"line":25,"column":55},"end":{"line":102,"column":1}}},"1":{"name":"(anonymous_8)","decl":{"start":{"line":35,"column":18},"end":{"line":35,"column":21}},"loc":{"start":{"line":35,"column":23},"end":{"line":41,"column":3}}},"2":{"name":"(anonymous_9)","decl":{"start":{"line":38,"column":21},"end":{"line":38,"column":24}},"loc":{"start":{"line":38,"column":27},"end":{"line":38,"column":76}}},"3":{"name":"(anonymous_10)","decl":{"start":{"line":43,"column":27},"end":{"line":43,"column":28}},"loc":{"start":{"line":45,"column":44},"end":{"line":64,"column":3}}},"4":{"name":"(anonymous_11)","decl":{"start":{"line":52,"column":33},"end":{"line":52,"column":36}},"loc":{"start":{"line":53,"column":10},"end":{"line":53,"column":53}}},"5":{"name":"(anonymous_12)","decl":{"start":{"line":55,"column":33},"end":{"line":55,"column":36}},"loc":{"start":{"line":55,"column":38},"end":{"line":61,"column":9}}},"6":{"name":"(anonymous_13)","decl":{"start":{"line":66,"column":35},"end":{"line":66,"column":38}},"loc":{"start":{"line":67,"column":4},"end":{"line":67,"column":76}}},"7":{"name":"(anonymous_14)","decl":{"start":{"line":70,"column":26},"end":{"line":70,"column":27}},"loc":{"start":{"line":70,"column":53},"end":{"line":70,"column":79}}},"8":{"name":"(anonymous_15)","decl":{"start":{"line":72,"column":35},"end":{"line":72,"column":38}},"loc":{"start":{"line":73,"column":4},"end":{"line":74,"column":null}}}},"branchMap":{"0":{"loc":{"start":{"line":36,"column":4},"end":{"line":40,"column":null}},"type":"if","locations":[{"start":{"line":36,"column":4},"end":{"line":40,"column":null}}]},"1":{"loc":{"start":{"line":56,"column":10},"end":{"line":60,"column":null}},"type":"if","locations":[{"start":{"line":56,"column":10},"end":{"line":60,"column":null}},{"start":{"line":58,"column":17},"end":{"line":60,"column":null}}]},"2":{"loc":{"start":{"line":92,"column":7},"end":{"line":98,"column":null}},"type":"binary-expr","locations":[{"start":{"line":92,"column":7},"end":{"line":92,"column":34}},{"start":{"line":93,"column":8},"end":{"line":97,"column":null}}]}},"s":{"0":1,"1":1,"2":1,"3":1,"4":1,"5":1,"6":1,"7":1,"8":1,"9":1,"10":1,"11":0,"12":0,"13":0,"14":0,"15":0,"16":0,"17":0,"18":0,"19":0,"20":0,"21":0,"22":0,"23":0,"24":0,"25":0,"26":0,"27":0,"28":0,"29":0,"30":1,"31":1},"f":{"0":0,"1":0,"2":0,"3":0,"4":0,"5":0,"6":0,"7":0,"8":0},"b":{"0":[0],"1":[0,0],"2":[0,0]}}
,"/Users/tarikpinarci/personal/Projects/react-native/side-projects/ReactNativeZustandRQ/src/screens/error.tsx": {"path":"/Users/tarikpinarci/personal/Projects/react-native/side-projects/ReactNativeZustandRQ/src/screens/error.tsx","statementMap":{"0":{"start":{"line":1,"column":0},"end":{"line":1,"column":31}},"1":{"start":{"line":2,"column":0},"end":{"line":2,"column":60}},"2":{"start":{"line":8,"column":37},"end":{"line":17,"column":1}},"3":{"start":{"line":9,"column":2},"end":{"line":16,"column":4}},"4":{"start":{"line":19,"column":0},"end":{"line":19,"column":27}},"5":{"start":{"line":21,"column":15},"end":{"line":33,"column":2}}},"fnMap":{"0":{"name":"(anonymous_6)","decl":{"start":{"line":8,"column":37},"end":{"line":8,"column":38}},"loc":{"start":{"line":8,"column":54},"end":{"line":17,"column":1}}}},"branchMap":{},"s":{"0":1,"1":1,"2":1,"3":0,"4":1,"5":1},"f":{"0":0},"b":{}}
,"/Users/tarikpinarci/personal/Projects/react-native/side-projects/ReactNativeZustandRQ/src/screens/product-detail.tsx": {"path":"/Users/tarikpinarci/personal/Projects/react-native/side-projects/ReactNativeZustandRQ/src/screens/product-detail.tsx","statementMap":{"0":{"start":{"line":1,"column":0},"end":{"line":1,"column":31}},"1":{"start":{"line":2,"column":0},"end":{"line":2,"column":null}},"2":{"start":{"line":11,"column":0},"end":{"line":11,"column":60}},"3":{"start":{"line":12,"column":0},"end":{"line":12,"column":49}},"4":{"start":{"line":13,"column":0},"end":{"line":13,"column":61}},"5":{"start":{"line":14,"column":0},"end":{"line":14,"column":57}},"6":{"start":{"line":15,"column":0},"end":{"line":15,"column":44}},"7":{"start":{"line":16,"column":0},"end":{"line":16,"column":57}},"8":{"start":{"line":17,"column":0},"end":{"line":17,"column":53}},"9":{"start":{"line":19,"column":0},"end":{"line":19,"column":null}},"10":{"start":{"line":23,"column":0},"end":{"line":23,"column":53}},"11":{"start":{"line":24,"column":0},"end":{"line":24,"column":46}},"12":{"start":{"line":25,"column":0},"end":{"line":25,"column":53}},"13":{"start":{"line":26,"column":0},"end":{"line":26,"column":64}},"14":{"start":{"line":28,"column":25},"end":{"line":28,"column":27}},"15":{"start":{"line":31,"column":39},"end":{"line":139,"column":1}},"16":{"start":{"line":32,"column":57},"end":{"line":33,"column":null}},"17":{"start":{"line":36,"column":46},"end":{"line":36,"column":71}},"18":{"start":{"line":43,"column":6},"end":{"line":43,"column":25}},"19":{"start":{"line":45,"column":26},"end":{"line":45,"column":66}},"20":{"start":{"line":47,"column":2},"end":{"line":53,"column":32}},"21":{"start":{"line":48,"column":4},"end":{"line":52,"column":null}},"22":{"start":{"line":49,"column":6},"end":{"line":51,"column":9}},"23":{"start":{"line":55,"column":2},"end":{"line":57,"column":null}},"24":{"start":{"line":56,"column":4},"end":{"line":56,"column":29}},"25":{"start":{"line":59,"column":2},"end":{"line":138,"column":4}},"26":{"start":{"line":103,"column":18},"end":{"line":110,"column":null}},"27":{"start":{"line":105,"column":20},"end":{"line":109,"column":null}},"28":{"start":{"line":106,"column":22},"end":{"line":106,"column":47}},"29":{"start":{"line":108,"column":22},"end":{"line":108,"column":63}},"30":{"start":{"line":113,"column":18},"end":{"line":120,"column":null}},"31":{"start":{"line":115,"column":20},"end":{"line":119,"column":null}},"32":{"start":{"line":116,"column":22},"end":{"line":116,"column":55}},"33":{"start":{"line":118,"column":22},"end":{"line":118,"column":63}},"34":{"start":{"line":135,"column":23},"end":{"line":135,"column":61}},"35":{"start":{"line":141,"column":0},"end":{"line":141,"column":29}},"36":{"start":{"line":143,"column":15},"end":{"line":179,"column":2}}},"fnMap":{"0":{"name":"(anonymous_7)","decl":{"start":{"line":31,"column":39},"end":{"line":31,"column":40}},"loc":{"start":{"line":31,"column":63},"end":{"line":139,"column":1}}},"1":{"name":"(anonymous_8)","decl":{"start":{"line":47,"column":18},"end":{"line":47,"column":21}},"loc":{"start":{"line":47,"column":23},"end":{"line":53,"column":3}}},"2":{"name":"(anonymous_9)","decl":{"start":{"line":102,"column":41},"end":{"line":102,"column":44}},"loc":{"start":{"line":102,"column":46},"end":{"line":111,"column":17}}},"3":{"name":"(anonymous_10)","decl":{"start":{"line":112,"column":41},"end":{"line":112,"column":44}},"loc":{"start":{"line":112,"column":46},"end":{"line":121,"column":17}}},"4":{"name":"(anonymous_11)","decl":{"start":{"line":135,"column":17},"end":{"line":135,"column":20}},"loc":{"start":{"line":135,"column":23},"end":{"line":135,"column":61}}}},"branchMap":{"0":{"loc":{"start":{"line":48,"column":4},"end":{"line":52,"column":null}},"type":"if","locations":[{"start":{"line":48,"column":4},"end":{"line":52,"column":null}}]},"1":{"loc":{"start":{"line":55,"column":2},"end":{"line":57,"column":null}},"type":"if","locations":[{"start":{"line":55,"column":2},"end":{"line":57,"column":null}}]},"2":{"loc":{"start":{"line":61,"column":7},"end":{"line":64,"column":null}},"type":"binary-expr","locations":[{"start":{"line":61,"column":7},"end":{"line":61,"column":14}},{"start":{"line":62,"column":8},"end":{"line":63,"column":null}}]},"3":{"loc":{"start":{"line":67,"column":7},"end":{"line":129,"column":null}},"type":"binary-expr","locations":[{"start":{"line":67,"column":7},"end":{"line":67,"column":16}},{"start":{"line":68,"column":8},"end":{"line":128,"column":null}}]},"4":{"loc":{"start":{"line":101,"column":26},"end":{"line":101,"column":46}},"type":"binary-expr","locations":[{"start":{"line":101,"column":26},"end":{"line":101,"column":41}},{"start":{"line":101,"column":45},"end":{"line":101,"column":46}}]},"5":{"loc":{"start":{"line":103,"column":18},"end":{"line":110,"column":null}},"type":"if","locations":[{"start":{"line":103,"column":18},"end":{"line":110,"column":null}}]},"6":{"loc":{"start":{"line":105,"column":20},"end":{"line":109,"column":null}},"type":"if","locations":[{"start":{"line":105,"column":20},"end":{"line":109,"column":null}},{"start":{"line":107,"column":27},"end":{"line":109,"column":null}}]},"7":{"loc":{"start":{"line":113,"column":18},"end":{"line":120,"column":null}},"type":"if","locations":[{"start":{"line":113,"column":18},"end":{"line":120,"column":null}}]},"8":{"loc":{"start":{"line":115,"column":20},"end":{"line":119,"column":null}},"type":"if","locations":[{"start":{"line":115,"column":20},"end":{"line":119,"column":null}},{"start":{"line":117,"column":27},"end":{"line":119,"column":null}}]}},"s":{"0":1,"1":1,"2":1,"3":1,"4":1,"5":1,"6":1,"7":1,"8":1,"9":1,"10":1,"11":1,"12":1,"13":1,"14":1,"15":1,"16":0,"17":0,"18":0,"19":0,"20":0,"21":0,"22":0,"23":0,"24":0,"25":0,"26":0,"27":0,"28":0,"29":0,"30":0,"31":0,"32":0,"33":0,"34":0,"35":1,"36":1},"f":{"0":0,"1":0,"2":0,"3":0,"4":0},"b":{"0":[0],"1":[0],"2":[0,0],"3":[0,0],"4":[0,0],"5":[0],"6":[0,0],"7":[0],"8":[0,0]}}
,"/Users/tarikpinarci/personal/Projects/react-native/side-projects/ReactNativeZustandRQ/src/screens/product-list.tsx": {"path":"/Users/tarikpinarci/personal/Projects/react-native/side-projects/ReactNativeZustandRQ/src/screens/product-list.tsx","statementMap":{"0":{"start":{"line":1,"column":0},"end":{"line":1,"column":54}},"1":{"start":{"line":2,"column":0},"end":{"line":2,"column":31}},"2":{"start":{"line":3,"column":0},"end":{"line":3,"column":null}},"3":{"start":{"line":11,"column":0},"end":{"line":11,"column":60}},"4":{"start":{"line":12,"column":0},"end":{"line":12,"column":58}},"5":{"start":{"line":13,"column":0},"end":{"line":13,"column":62}},"6":{"start":{"line":14,"column":0},"end":{"line":14,"column":57}},"7":{"start":{"line":15,"column":0},"end":{"line":15,"column":44}},"8":{"start":{"line":16,"column":0},"end":{"line":16,"column":57}},"9":{"start":{"line":17,"column":0},"end":{"line":17,"column":53}},"10":{"start":{"line":19,"column":0},"end":{"line":19,"column":72}},"11":{"start":{"line":20,"column":0},"end":{"line":20,"column":53}},"12":{"start":{"line":24,"column":43},"end":{"line":114,"column":1}},"13":{"start":{"line":25,"column":57},"end":{"line":25,"column":76}},"14":{"start":{"line":27,"column":46},"end":{"line":27,"column":71}},"15":{"start":{"line":29,"column":56},"end":{"line":29,"column":75}},"16":{"start":{"line":30,"column":27},"end":{"line":30,"column":48}},"17":{"start":{"line":32,"column":29},"end":{"line":44,"column":null}},"18":{"start":{"line":33,"column":26},"end":{"line":43,"column":5}},"19":{"start":{"line":34,"column":6},"end":{"line":42,"column":null}},"20":{"start":{"line":36,"column":29},"end":{"line":36,"column":70}},"21":{"start":{"line":39,"column":8},"end":{"line":39,"column":44}},"22":{"start":{"line":41,"column":8},"end":{"line":41,"column":36}},"23":{"start":{"line":47,"column":29},"end":{"line":51,"column":null}},"24":{"start":{"line":48,"column":27},"end":{"line":50,"column":5}},"25":{"start":{"line":49,"column":6},"end":{"line":49,"column":69}},"26":{"start":{"line":54,"column":30},"end":{"line":58,"column":null}},"27":{"start":{"line":55,"column":4},"end":{"line":57,"column":null}},"28":{"start":{"line":61,"column":26},"end":{"line":61,"column":63}},"29":{"start":{"line":61,"column":45},"end":{"line":61,"column":63}},"30":{"start":{"line":63,"column":21},"end":{"line":78,"column":3}},"31":{"start":{"line":64,"column":4},"end":{"line":77,"column":6}},"32":{"start":{"line":71,"column":31},"end":{"line":71,"column":72}},"33":{"start":{"line":80,"column":2},"end":{"line":82,"column":null}},"34":{"start":{"line":81,"column":4},"end":{"line":81,"column":29}},"35":{"start":{"line":84,"column":2},"end":{"line":113,"column":4}},"36":{"start":{"line":116,"column":0},"end":{"line":116,"column":33}},"37":{"start":{"line":118,"column":15},"end":{"line":126,"column":2}}},"fnMap":{"0":{"name":"(anonymous_7)","decl":{"start":{"line":24,"column":43},"end":{"line":24,"column":44}},"loc":{"start":{"line":24,"column":60},"end":{"line":114,"column":1}}},"1":{"name":"(anonymous_8)","decl":{"start":{"line":33,"column":4},"end":{"line":33,"column":5}},"loc":{"start":{"line":33,"column":26},"end":{"line":43,"column":5}}},"2":{"name":"(anonymous_9)","decl":{"start":{"line":33,"column":26},"end":{"line":33,"column":29}},"loc":{"start":{"line":33,"column":31},"end":{"line":43,"column":5}}},"3":{"name":"(anonymous_10)","decl":{"start":{"line":36,"column":10},"end":{"line":36,"column":25}},"loc":{"start":{"line":36,"column":29},"end":{"line":36,"column":70}}},"4":{"name":"(anonymous_11)","decl":{"start":{"line":48,"column":4},"end":{"line":48,"column":5}},"loc":{"start":{"line":48,"column":27},"end":{"line":50,"column":5}}},"5":{"name":"(anonymous_12)","decl":{"start":{"line":48,"column":27},"end":{"line":48,"column":30}},"loc":{"start":{"line":48,"column":32},"end":{"line":50,"column":5}}},"6":{"name":"(anonymous_13)","decl":{"start":{"line":54,"column":30},"end":{"line":54,"column":33}},"loc":{"start":{"line":55,"column":4},"end":{"line":57,"column":null}}},"7":{"name":"(anonymous_14)","decl":{"start":{"line":61,"column":26},"end":{"line":61,"column":27}},"loc":{"start":{"line":61,"column":45},"end":{"line":61,"column":63}}},"8":{"name":"(anonymous_15)","decl":{"start":{"line":63,"column":21},"end":{"line":63,"column":22}},"loc":{"start":{"line":63,"column":70},"end":{"line":78,"column":3}}},"9":{"name":"(anonymous_16)","decl":{"start":{"line":71,"column":12},"end":{"line":71,"column":27}},"loc":{"start":{"line":71,"column":31},"end":{"line":71,"column":72}}}},"branchMap":{"0":{"loc":{"start":{"line":34,"column":6},"end":{"line":42,"column":null}},"type":"if","locations":[{"start":{"line":34,"column":6},"end":{"line":42,"column":null}},{"start":{"line":40,"column":13},"end":{"line":42,"column":null}}]},"1":{"loc":{"start":{"line":80,"column":2},"end":{"line":82,"column":null}},"type":"if","locations":[{"start":{"line":80,"column":2},"end":{"line":82,"column":null}}]},"2":{"loc":{"start":{"line":86,"column":7},"end":{"line":89,"column":null}},"type":"binary-expr","locations":[{"start":{"line":86,"column":7},"end":{"line":86,"column":14}},{"start":{"line":87,"column":8},"end":{"line":88,"column":null}}]},"3":{"loc":{"start":{"line":92,"column":7},"end":{"line":110,"column":null}},"type":"binary-expr","locations":[{"start":{"line":92,"column":7},"end":{"line":92,"column":16}},{"start":{"line":93,"column":8},"end":{"line":109,"column":null}}]}},"s":{"0":1,"1":1,"2":1,"3":1,"4":1,"5":1,"6":1,"7":1,"8":1,"9":1,"10":1,"11":1,"12":1,"13":12,"14":12,"15":12,"16":12,"17":12,"18":120,"19":2,"20":1,"21":1,"22":1,"23":12,"24":120,"25":1,"26":12,"27":54,"28":12,"29":120,"30":12,"31":120,"32":20,"33":12,"34":5,"35":7,"36":1,"37":1},"f":{"0":12,"1":120,"2":2,"3":1,"4":120,"5":1,"6":54,"7":120,"8":120,"9":20},"b":{"0":[1,1],"1":[5],"2":[7,1],"3":[7,6]}}
,"/Users/tarikpinarci/personal/Projects/react-native/side-projects/ReactNativeZustandRQ/src/store/helpers.ts": {"path":"/Users/tarikpinarci/personal/Projects/react-native/side-projects/ReactNativeZustandRQ/src/store/helpers.ts","statementMap":{"0":{"start":{"line":3,"column":37},"end":{"line":20,"column":1}},"1":{"start":{"line":8,"column":2},"end":{"line":19,"column":5}},"2":{"start":{"line":9,"column":4},"end":{"line":17,"column":null}},"3":{"start":{"line":10,"column":6},"end":{"line":16,"column":8}},"4":{"start":{"line":18,"column":4},"end":{"line":18,"column":28}},"5":{"start":{"line":3,"column":13},"end":{"line":3,"column":37}},"6":{"start":{"line":22,"column":48},"end":{"line":27,"column":1}},"7":{"start":{"line":26,"column":2},"end":{"line":26,"column":73}},"8":{"start":{"line":22,"column":13},"end":{"line":22,"column":48}},"9":{"start":{"line":29,"column":48},"end":{"line":34,"column":1}},"10":{"start":{"line":33,"column":2},"end":{"line":33,"column":73}},"11":{"start":{"line":29,"column":13},"end":{"line":29,"column":48}}},"fnMap":{"0":{"name":"(anonymous_0)","decl":{"start":{"line":3,"column":37},"end":{"line":3,"column":null}},"loc":{"start":{"line":7,"column":4},"end":{"line":20,"column":1}}},"1":{"name":"(anonymous_1)","decl":{"start":{"line":8,"column":31},"end":{"line":8,"column":47}},"loc":{"start":{"line":8,"column":50},"end":{"line":19,"column":3}}},"2":{"name":"(anonymous_2)","decl":{"start":{"line":22,"column":48},"end":{"line":22,"column":null}},"loc":{"start":{"line":25,"column":4},"end":{"line":27,"column":1}}},"3":{"name":"(anonymous_3)","decl":{"start":{"line":29,"column":48},"end":{"line":29,"column":null}},"loc":{"start":{"line":32,"column":4},"end":{"line":34,"column":1}}}},"branchMap":{"0":{"loc":{"start":{"line":9,"column":4},"end":{"line":17,"column":null}},"type":"if","locations":[{"start":{"line":9,"column":4},"end":{"line":17,"column":null}}]},"1":{"loc":{"start":{"line":13,"column":10},"end":{"line":15,"column":43}},"type":"cond-expr","locations":[{"start":{"line":14,"column":14},"end":{"line":14,"column":43}},{"start":{"line":15,"column":14},"end":{"line":15,"column":43}}]}},"s":{"0":0,"1":0,"2":0,"3":0,"4":0,"5":0,"6":0,"7":0,"8":0,"9":0,"10":0,"11":0},"f":{"0":0,"1":0,"2":0,"3":0},"b":{"0":[0],"1":[0,0]}}
,"/Users/tarikpinarci/personal/Projects/react-native/side-projects/ReactNativeZustandRQ/src/store/product.ts": {"path":"/Users/tarikpinarci/personal/Projects/react-native/side-projects/ReactNativeZustandRQ/src/store/product.ts","statementMap":{"0":{"start":{"line":1,"column":0},"end":{"line":1,"column":31}},"1":{"start":{"line":2,"column":0},"end":{"line":2,"column":40}},"2":{"start":{"line":10,"column":37},"end":{"line":27,"column":1}},"3":{"start":{"line":15,"column":2},"end":{"line":26,"column":5}},"4":{"start":{"line":16,"column":4},"end":{"line":24,"column":null}},"5":{"start":{"line":17,"column":6},"end":{"line":23,"column":8}},"6":{"start":{"line":25,"column":4},"end":{"line":25,"column":27}},"7":{"start":{"line":10,"column":13},"end":{"line":10,"column":37}},"8":{"start":{"line":29,"column":47},"end":{"line":34,"column":1}},"9":{"start":{"line":33,"column":2},"end":{"line":33,"column":72}},"10":{"start":{"line":29,"column":13},"end":{"line":29,"column":47}},"11":{"start":{"line":36,"column":47},"end":{"line":41,"column":1}},"12":{"start":{"line":40,"column":2},"end":{"line":40,"column":72}},"13":{"start":{"line":36,"column":13},"end":{"line":36,"column":47}},"14":{"start":{"line":54,"column":13},"end":{"line":90,"column":4}},"15":{"start":{"line":54,"column":67},"end":{"line":90,"column":2}},"16":{"start":{"line":58,"column":6},"end":{"line":63,"column":8}},"17":{"start":{"line":65,"column":6},"end":{"line":71,"column":8}},"18":{"start":{"line":68,"column":31},"end":{"line":68,"column":71}},"19":{"start":{"line":73,"column":6},"end":{"line":78,"column":9}},"20":{"start":{"line":80,"column":36},"end":{"line":80,"column":63}},"21":{"start":{"line":82,"column":6},"end":{"line":87,"column":9}},"22":{"start":{"line":92,"column":33},"end":{"line":92,"column":78}},"23":{"start":{"line":92,"column":39},"end":{"line":92,"column":78}},"24":{"start":{"line":92,"column":64},"end":{"line":92,"column":77}},"25":{"start":{"line":92,"column":13},"end":{"line":92,"column":33}},"26":{"start":{"line":94,"column":35},"end":{"line":95,"column":59}},"27":{"start":{"line":95,"column":2},"end":{"line":95,"column":59}},"28":{"start":{"line":95,"column":27},"end":{"line":95,"column":49}},"29":{"start":{"line":94,"column":13},"end":{"line":94,"column":35}},"30":{"start":{"line":96,"column":40},"end":{"line":97,"column":57}},"31":{"start":{"line":97,"column":2},"end":{"line":97,"column":57}},"32":{"start":{"line":97,"column":27},"end":{"line":97,"column":56}},"33":{"start":{"line":96,"column":13},"end":{"line":96,"column":40}},"34":{"start":{"line":98,"column":46},"end":{"line":103,"column":null}},"35":{"start":{"line":99,"column":2},"end":{"line":103,"column":null}},"36":{"start":{"line":101,"column":6},"end":{"line":103,"column":17}},"37":{"start":{"line":102,"column":27},"end":{"line":102,"column":67}},"38":{"start":{"line":98,"column":13},"end":{"line":98,"column":46}}},"fnMap":{"0":{"name":"(anonymous_0)","decl":{"start":{"line":10,"column":37},"end":{"line":10,"column":null}},"loc":{"start":{"line":14,"column":4},"end":{"line":27,"column":1}}},"1":{"name":"(anonymous_1)","decl":{"start":{"line":15,"column":30},"end":{"line":15,"column":45}},"loc":{"start":{"line":15,"column":48},"end":{"line":26,"column":3}}},"2":{"name":"(anonymous_2)","decl":{"start":{"line":29,"column":47},"end":{"line":29,"column":null}},"loc":{"start":{"line":32,"column":4},"end":{"line":34,"column":1}}},"3":{"name":"(anonymous_3)","decl":{"start":{"line":36,"column":47},"end":{"line":36,"column":null}},"loc":{"start":{"line":39,"column":4},"end":{"line":41,"column":1}}},"4":{"name":"(anonymous_4)","decl":{"start":{"line":54,"column":52},"end":{"line":54,"column":53}},"loc":{"start":{"line":54,"column":67},"end":{"line":90,"column":2}}},"5":{"name":"(anonymous_5)","decl":{"start":{"line":57,"column":24},"end":{"line":57,"column":31}},"loc":{"start":{"line":58,"column":6},"end":{"line":63,"column":8}}},"6":{"name":"(anonymous_6)","decl":{"start":{"line":64,"column":29},"end":{"line":64,"column":38}},"loc":{"start":{"line":65,"column":6},"end":{"line":71,"column":8}}},"7":{"name":"(anonymous_7)","decl":{"start":{"line":68,"column":12},"end":{"line":68,"column":27}},"loc":{"start":{"line":68,"column":31},"end":{"line":68,"column":71}}},"8":{"name":"(anonymous_8)","decl":{"start":{"line":72,"column":37},"end":{"line":72,"column":46}},"loc":{"start":{"line":72,"column":49},"end":{"line":79,"column":5}}},"9":{"name":"(anonymous_9)","decl":{"start":{"line":80,"column":30},"end":{"line":80,"column":33}},"loc":{"start":{"line":80,"column":36},"end":{"line":80,"column":63}}},"10":{"name":"(anonymous_10)","decl":{"start":{"line":81,"column":37},"end":{"line":81,"column":46}},"loc":{"start":{"line":81,"column":49},"end":{"line":88,"column":5}}},"11":{"name":"(anonymous_11)","decl":{"start":{"line":92,"column":33},"end":{"line":92,"column":36}},"loc":{"start":{"line":92,"column":39},"end":{"line":92,"column":78}}},"12":{"name":"(anonymous_12)","decl":{"start":{"line":92,"column":55},"end":{"line":92,"column":60}},"loc":{"start":{"line":92,"column":64},"end":{"line":92,"column":77}}},"13":{"name":"(anonymous_13)","decl":{"start":{"line":94,"column":35},"end":{"line":94,"column":38}},"loc":{"start":{"line":95,"column":2},"end":{"line":95,"column":59}}},"14":{"name":"(anonymous_14)","decl":{"start":{"line":95,"column":18},"end":{"line":95,"column":23}},"loc":{"start":{"line":95,"column":27},"end":{"line":95,"column":49}}},"15":{"name":"(anonymous_15)","decl":{"start":{"line":96,"column":40},"end":{"line":96,"column":43}},"loc":{"start":{"line":97,"column":2},"end":{"line":97,"column":57}}},"16":{"name":"(anonymous_16)","decl":{"start":{"line":97,"column":18},"end":{"line":97,"column":23}},"loc":{"start":{"line":97,"column":27},"end":{"line":97,"column":56}}},"17":{"name":"(anonymous_17)","decl":{"start":{"line":98,"column":46},"end":{"line":98,"column":47}},"loc":{"start":{"line":99,"column":2},"end":{"line":103,"column":null}}},"18":{"name":"(anonymous_18)","decl":{"start":{"line":100,"column":4},"end":{"line":100,"column":9}},"loc":{"start":{"line":101,"column":6},"end":{"line":103,"column":17}}},"19":{"name":"(anonymous_19)","decl":{"start":{"line":102,"column":8},"end":{"line":102,"column":23}},"loc":{"start":{"line":102,"column":27},"end":{"line":102,"column":67}}}},"branchMap":{"0":{"loc":{"start":{"line":16,"column":4},"end":{"line":24,"column":null}},"type":"if","locations":[{"start":{"line":16,"column":4},"end":{"line":24,"column":null}}]},"1":{"loc":{"start":{"line":20,"column":10},"end":{"line":22,"column":42}},"type":"cond-expr","locations":[{"start":{"line":21,"column":14},"end":{"line":21,"column":42}},{"start":{"line":22,"column":14},"end":{"line":22,"column":42}}]}},"s":{"0":1,"1":1,"2":1,"3":0,"4":0,"5":0,"6":0,"7":1,"8":1,"9":0,"10":1,"11":1,"12":0,"13":1,"14":1,"15":1,"16":1,"17":1,"18":1,"19":0,"20":0,"21":0,"22":1,"23":12,"24":14,"25":1,"26":1,"27":12,"28":14,"29":1,"30":1,"31":3,"32":5,"33":1,"34":1,"35":0,"36":0,"37":0,"38":1},"f":{"0":0,"1":0,"2":0,"3":0,"4":1,"5":1,"6":1,"7":1,"8":0,"9":0,"10":0,"11":12,"12":14,"13":12,"14":14,"15":3,"16":5,"17":0,"18":0,"19":0},"b":{"0":[0],"1":[0,0]}}
}
