TN:
SF:src/screens/basket.tsx
FN:25,(anonymous_7)
FN:35,(anonymous_8)
FN:38,(anonymous_9)
FN:43,(anonymous_10)
FN:52,(anonymous_11)
FN:55,(anonymous_12)
FN:66,(anonymous_13)
FN:70,(anonymous_14)
FN:73,(anonymous_15)
FNF:9
FNH:8
FNDA:8,(anonymous_7)
FNDA:8,(anonymous_8)
FNDA:0,(anonymous_9)
FNDA:80,(anonymous_10)
FNDA:1,(anonymous_11)
FNDA:2,(anonymous_12)
FNDA:79,(anonymous_13)
FNDA:113,(anonymous_14)
FNDA:2,(anonymous_15)
DA:1,3
DA:2,3
DA:3,3
DA:10,3
DA:11,3
DA:12,3
DA:14,3
DA:19,3
DA:20,3
DA:21,3
DA:25,3
DA:31,8
DA:33,8
DA:35,8
DA:36,8
DA:37,6
DA:38,0
DA:43,8
DA:46,80
DA:53,1
DA:56,2
DA:57,1
DA:59,1
DA:66,8
DA:67,79
DA:70,8
DA:71,113
DA:73,8
DA:74,2
DA:79,8
DA:105,3
DA:107,3
LF:32
LH:31
BRDA:36,0,0,6
BRDA:56,1,0,1
BRDA:56,1,1,1
BRDA:93,2,0,8
BRDA:93,2,1,6
BRF:5
BRH:5
end_of_record
TN:
SF:src/screens/error.tsx
FN:8,(anonymous_6)
FNF:1
FNH:1
FNDA:3,(anonymous_6)
DA:1,3
DA:2,3
DA:8,3
DA:9,3
DA:19,3
DA:21,3
LF:6
LH:6
BRF:0
BRH:0
end_of_record
TN:
SF:src/screens/product-detail.tsx
FN:28,(anonymous_7)
FN:44,(anonymous_8)
FN:99,(anonymous_9)
FN:109,(anonymous_10)
FN:132,(anonymous_11)
FNF:5
FNH:5
FNDA:18,(anonymous_7)
FNDA:17,(anonymous_8)
FNDA:2,(anonymous_9)
FNDA:2,(anonymous_10)
FNDA:1,(anonymous_11)
DA:1,2
DA:2,2
DA:11,2
DA:12,2
DA:13,2
DA:14,2
DA:15,2
DA:16,2
DA:17,2
DA:19,2
DA:20,2
DA:21,2
DA:22,2
DA:23,2
DA:25,2
DA:28,2
DA:29,18
DA:33,18
DA:40,18
DA:42,18
DA:44,18
DA:45,17
DA:46,8
DA:52,18
DA:53,9
DA:56,9
DA:100,2
DA:102,2
DA:103,1
DA:105,1
DA:110,2
DA:112,2
DA:113,1
DA:115,1
DA:132,1
DA:138,2
DA:140,2
LF:37
LH:37
BRDA:45,0,0,8
BRDA:52,1,0,9
BRDA:58,2,0,9
BRDA:58,2,1,1
BRDA:64,3,0,9
BRDA:64,3,1,8
BRDA:98,4,0,8
BRDA:98,4,1,4
BRDA:100,5,0,2
BRDA:102,6,0,1
BRDA:102,6,1,1
BRDA:110,7,0,2
BRDA:112,8,0,1
BRDA:112,8,1,1
BRF:14
BRH:14
end_of_record
TN:
SF:src/screens/product-list.tsx
FN:24,(anonymous_7)
FN:33,(anonymous_8)
FN:33,(anonymous_9)
FN:37,(anonymous_10)
FN:49,(anonymous_11)
FN:49,(anonymous_12)
FN:55,(anonymous_13)
FN:62,(anonymous_14)
FN:64,(anonymous_15)
FN:72,(anonymous_16)
FNF:10
FNH:10
FNDA:12,(anonymous_7)
FNDA:120,(anonymous_8)
FNDA:2,(anonymous_9)
FNDA:1,(anonymous_10)
FNDA:120,(anonymous_11)
FNDA:1,(anonymous_12)
FNDA:54,(anonymous_13)
FNDA:120,(anonymous_14)
FNDA:120,(anonymous_15)
FNDA:20,(anonymous_16)
DA:1,2
DA:2,2
DA:3,2
DA:11,2
DA:12,2
DA:13,2
DA:14,2
DA:15,2
DA:16,2
DA:17,2
DA:19,2
DA:20,2
DA:24,2
DA:25,12
DA:27,12
DA:29,12
DA:30,12
DA:32,12
DA:33,120
DA:35,2
DA:37,1
DA:40,1
DA:42,1
DA:48,12
DA:49,120
DA:50,1
DA:55,12
DA:56,54
DA:62,120
DA:64,12
DA:65,120
DA:72,20
DA:81,12
DA:82,5
DA:85,7
DA:117,2
DA:119,2
LF:37
LH:37
BRDA:35,0,0,1
BRDA:35,0,1,1
BRDA:81,1,0,5
BRDA:87,2,0,7
BRDA:87,2,1,1
BRDA:93,3,0,7
BRDA:93,3,1,6
BRF:7
BRH:7
end_of_record
