TN:
SF:src/screens/basket.tsx
FN:25,(anonymous_7)
FN:35,(anonymous_8)
FN:38,(anonymous_9)
FN:43,(anonymous_10)
FN:52,(anonymous_11)
FN:55,(anonymous_12)
FN:66,(anonymous_13)
FN:70,(anonymous_14)
FN:72,(anonymous_15)
FNF:9
FNH:0
FNDA:0,(anonymous_7)
FNDA:0,(anonymous_8)
FNDA:0,(anonymous_9)
FNDA:0,(anonymous_10)
FNDA:0,(anonymous_11)
FNDA:0,(anonymous_12)
FNDA:0,(anonymous_13)
FNDA:0,(anonymous_14)
FNDA:0,(anonymous_15)
DA:1,1
DA:2,1
DA:3,1
DA:10,1
DA:11,1
DA:12,1
DA:14,1
DA:19,1
DA:20,1
DA:21,1
DA:25,1
DA:31,0
DA:33,0
DA:35,0
DA:36,0
DA:37,0
DA:38,0
DA:43,0
DA:46,0
DA:53,0
DA:56,0
DA:57,0
DA:59,0
DA:66,0
DA:67,0
DA:70,0
DA:72,0
DA:73,0
DA:78,0
DA:104,1
DA:106,1
LF:31
LH:13
BRDA:36,0,0,0
BRDA:56,1,0,0
BRDA:56,1,1,0
BRDA:92,2,0,0
BRDA:92,2,1,0
BRF:5
BRH:0
end_of_record
TN:
SF:src/screens/error.tsx
FN:8,(anonymous_6)
FNF:1
FNH:0
FNDA:0,(anonymous_6)
DA:1,1
DA:2,1
DA:8,1
DA:9,0
DA:19,1
DA:21,1
LF:6
LH:5
BRF:0
BRH:0
end_of_record
TN:
SF:src/screens/product-detail.tsx
FN:31,(anonymous_7)
FN:47,(anonymous_8)
FN:102,(anonymous_9)
FN:112,(anonymous_10)
FN:135,(anonymous_11)
FNF:5
FNH:0
FNDA:0,(anonymous_7)
FNDA:0,(anonymous_8)
FNDA:0,(anonymous_9)
FNDA:0,(anonymous_10)
FNDA:0,(anonymous_11)
DA:1,1
DA:2,1
DA:11,1
DA:12,1
DA:13,1
DA:14,1
DA:15,1
DA:16,1
DA:17,1
DA:19,1
DA:23,1
DA:24,1
DA:25,1
DA:26,1
DA:28,1
DA:31,1
DA:32,0
DA:36,0
DA:43,0
DA:45,0
DA:47,0
DA:48,0
DA:49,0
DA:55,0
DA:56,0
DA:59,0
DA:103,0
DA:105,0
DA:106,0
DA:108,0
DA:113,0
DA:115,0
DA:116,0
DA:118,0
DA:135,0
DA:141,1
DA:143,1
LF:37
LH:18
BRDA:48,0,0,0
BRDA:55,1,0,0
BRDA:61,2,0,0
BRDA:61,2,1,0
BRDA:67,3,0,0
BRDA:67,3,1,0
BRDA:101,4,0,0
BRDA:101,4,1,0
BRDA:103,5,0,0
BRDA:105,6,0,0
BRDA:105,6,1,0
BRDA:113,7,0,0
BRDA:115,8,0,0
BRDA:115,8,1,0
BRF:14
BRH:0
end_of_record
TN:
SF:src/screens/product-list.tsx
FN:24,(anonymous_7)
FN:33,(anonymous_8)
FN:33,(anonymous_9)
FN:36,(anonymous_10)
FN:48,(anonymous_11)
FN:48,(anonymous_12)
FN:54,(anonymous_13)
FN:61,(anonymous_14)
FN:63,(anonymous_15)
FN:71,(anonymous_16)
FNF:10
FNH:6
FNDA:2,(anonymous_7)
FNDA:20,(anonymous_8)
FNDA:0,(anonymous_9)
FNDA:0,(anonymous_10)
FNDA:20,(anonymous_11)
FNDA:0,(anonymous_12)
FNDA:9,(anonymous_13)
FNDA:20,(anonymous_14)
FNDA:20,(anonymous_15)
FNDA:0,(anonymous_16)
DA:1,1
DA:2,1
DA:3,1
DA:11,1
DA:12,1
DA:13,1
DA:14,1
DA:15,1
DA:16,1
DA:17,1
DA:19,1
DA:20,1
DA:24,1
DA:25,2
DA:27,2
DA:29,2
DA:30,2
DA:32,2
DA:33,20
DA:34,0
DA:36,0
DA:39,0
DA:41,0
DA:47,2
DA:48,20
DA:49,0
DA:54,2
DA:55,9
DA:61,20
DA:63,2
DA:64,20
DA:71,0
DA:80,2
DA:81,1
DA:84,1
DA:116,1
DA:118,1
LF:37
LH:31
BRDA:34,0,0,0
BRDA:34,0,1,0
BRDA:80,1,0,1
BRDA:86,2,0,1
BRDA:86,2,1,0
BRDA:92,3,0,1
BRDA:92,3,1,1
BRF:7
BRH:4
end_of_record
TN:
SF:src/store/helpers.ts
FN:3,(anonymous_0)
FN:8,(anonymous_1)
FN:22,(anonymous_2)
FN:29,(anonymous_3)
FNF:4
FNH:0
FNDA:0,(anonymous_0)
FNDA:0,(anonymous_1)
FNDA:0,(anonymous_2)
FNDA:0,(anonymous_3)
DA:3,0
DA:8,0
DA:9,0
DA:10,0
DA:18,0
DA:22,0
DA:26,0
DA:29,0
DA:33,0
LF:9
LH:0
BRDA:9,0,0,0
BRDA:13,1,0,0
BRDA:13,1,1,0
BRF:3
BRH:0
end_of_record
TN:
SF:src/store/product.ts
FN:10,(anonymous_0)
FN:15,(anonymous_1)
FN:29,(anonymous_2)
FN:36,(anonymous_3)
FN:54,(anonymous_4)
FN:57,(anonymous_5)
FN:64,(anonymous_6)
FN:68,(anonymous_7)
FN:72,(anonymous_8)
FN:80,(anonymous_9)
FN:81,(anonymous_10)
FN:92,(anonymous_11)
FN:92,(anonymous_12)
FN:94,(anonymous_13)
FN:95,(anonymous_14)
FN:96,(anonymous_15)
FN:97,(anonymous_16)
FN:98,(anonymous_17)
FN:100,(anonymous_18)
FN:102,(anonymous_19)
FNF:20
FNH:5
FNDA:0,(anonymous_0)
FNDA:0,(anonymous_1)
FNDA:0,(anonymous_2)
FNDA:0,(anonymous_3)
FNDA:1,(anonymous_4)
FNDA:0,(anonymous_5)
FNDA:0,(anonymous_6)
FNDA:0,(anonymous_7)
FNDA:0,(anonymous_8)
FNDA:0,(anonymous_9)
FNDA:0,(anonymous_10)
FNDA:2,(anonymous_11)
FNDA:2,(anonymous_12)
FNDA:2,(anonymous_13)
FNDA:2,(anonymous_14)
FNDA:0,(anonymous_15)
FNDA:0,(anonymous_16)
FNDA:0,(anonymous_17)
FNDA:0,(anonymous_18)
FNDA:0,(anonymous_19)
DA:1,1
DA:2,1
DA:10,1
DA:15,0
DA:16,0
DA:17,0
DA:25,0
DA:29,1
DA:33,0
DA:36,1
DA:40,0
DA:54,1
DA:58,0
DA:65,0
DA:68,0
DA:73,0
DA:80,0
DA:82,0
DA:92,2
DA:94,1
DA:95,2
DA:96,1
DA:97,0
DA:98,1
DA:99,0
DA:101,0
DA:102,0
LF:27
LH:11
BRDA:16,0,0,0
BRDA:20,1,0,0
BRDA:20,1,1,0
BRF:3
BRH:0
end_of_record
